0 info it worked if it ends with ok
1 verbose cli [ '/usr/local/Cellar/node/5.5.0/bin/node',
1 verbose cli   '/usr/local/bin/npm',
1 verbose cli   'run',
1 verbose cli   'dev' ]
2 info using npm@3.5.3
3 info using node@v5.5.0
4 verbose run-script [ 'predev', 'dev', 'postdev' ]
5 info lifecycle ngPractice@0.0.0~predev: ngPractice@0.0.0
6 silly lifecycle ngPractice@0.0.0~predev: no script for predev, continuing
7 info lifecycle ngPractice@0.0.0~dev: ngPractice@0.0.0
8 verbose lifecycle ngPractice@0.0.0~dev: unsafe-perm in lifecycle true
9 verbose lifecycle ngPractice@0.0.0~dev: PATH: /usr/local/lib/node_modules/npm/bin/node-gyp-bin:/Users/MichaelFerger/workspace/Q3/AngularPlayground/node_modules/.bin:/usr/local/bin:/usr/bin:/bin:/usr/sbin:/sbin
10 verbose lifecycle ngPractice@0.0.0~dev: CWD: /Users/MichaelFerger/workspace/Q3/AngularPlayground
11 silly lifecycle ngPractice@0.0.0~dev: Args: [ '-c',
11 silly lifecycle   'NODE_ENV=development node_modules/.bin/webpack-dev-server  --inline --hot' ]
12 silly lifecycle ngPractice@0.0.0~dev: Returned: code: 1  signal: null
13 info lifecycle ngPractice@0.0.0~dev: Failed to exec dev script
14 verbose stack Error: ngPractice@0.0.0 dev: `NODE_ENV=development node_modules/.bin/webpack-dev-server  --inline --hot`
14 verbose stack Exit status 1
14 verbose stack     at EventEmitter.<anonymous> (/usr/local/lib/node_modules/npm/lib/utils/lifecycle.js:232:16)
14 verbose stack     at emitTwo (events.js:100:13)
14 verbose stack     at EventEmitter.emit (events.js:185:7)
14 verbose stack     at ChildProcess.<anonymous> (/usr/local/lib/node_modules/npm/lib/utils/spawn.js:24:14)
14 verbose stack     at emitTwo (events.js:100:13)
14 verbose stack     at ChildProcess.emit (events.js:185:7)
14 verbose stack     at maybeClose (internal/child_process.js:821:16)
14 verbose stack     at Process.ChildProcess._handle.onexit (internal/child_process.js:211:5)
15 verbose pkgid ngPractice@0.0.0
16 verbose cwd /Users/MichaelFerger/workspace/Q3/AngularPlayground
17 error Darwin 15.4.0
18 error argv "/usr/local/Cellar/node/5.5.0/bin/node" "/usr/local/bin/npm" "run" "dev"
19 error node v5.5.0
20 error npm  v3.5.3
21 error code ELIFECYCLE
22 error ngPractice@0.0.0 dev: `NODE_ENV=development node_modules/.bin/webpack-dev-server  --inline --hot`
22 error Exit status 1
23 error Failed at the ngPractice@0.0.0 dev script 'NODE_ENV=development node_modules/.bin/webpack-dev-server  --inline --hot'.
23 error Make sure you have the latest version of node.js and npm installed.
23 error If you do, this is most likely a problem with the ngPractice package,
23 error not with npm itself.
23 error Tell the author that this fails on your system:
23 error     NODE_ENV=development node_modules/.bin/webpack-dev-server  --inline --hot
23 error You can get information on how to open an issue for this project with:
23 error     npm bugs ngPractice
23 error Or if that isn't available, you can get their info via:
23 error     npm owner ls ngPractice
23 error There is likely additional logging output above.
24 verbose exit [ 1, true ]
